<?xml version="1.0" encoding="UTF-8"?>
<testsuite xmlns:xsi="http://www.w3.org/2001/XMLSchema-instance" xsi:noNamespaceSchemaLocation="https://maven.apache.org/surefire/maven-surefire-plugin/xsd/surefire-test-report-3.0.xsd" version="3.0" name="se.asteroid.test.AsteroidTests" time="0.17" tests="7" errors="0" skipped="0" failures="0">
  <properties>
[...]
</properties>
  <testcase name="testVelocityRanges" classname="se.asteroid.test.AsteroidTests" time="0.14"/>
  <testcase name="testScreenBounce" classname="se.asteroid.test.AsteroidTests" time="0.003"/>
  <testcase name="testHealthManagement" classname="se.asteroid.test.AsteroidTests" time="0.002">
    <system-out><![CDATA[Asteroid destroyed!
]]></system-out>
  </testcase>
  <testcase name="testMovement" classname="se.asteroid.test.AsteroidTests" time="0.002"/>
  <testcase name="testRotation" classname="se.asteroid.test.AsteroidTests" time="0.001"/>
  <testcase name="testInitialization" classname="se.asteroid.test.AsteroidTests" time="0.002"/>
  <testcase name="testBoundaryContainment" classname="se.asteroid.test.AsteroidTests" time="0.002"/>
</testsuite>