<?xml version="1.0" encoding="UTF-8"?>
<testsuite xmlns:xsi="http://www.w3.org/2001/XMLSchema-instance" xsi:noNamespaceSchemaLocation="https://maven.apache.org/surefire/maven-surefire-plugin/xsd/surefire-test-report-3.0.xsd" version="3.0" name="se.asteroid.test.ScoringTest" time="0.512" tests="6" errors="0" skipped="0" failures="0">
  <properties>
[...]
</properties>
  <testcase name="testSmallAsteroidScore" classname="se.asteroid.test.ScoringTest" time="0.149">
    <system-out><![CDATA[Asteroid destroyed!
01:27:35.818 [main] INFO  se.asteroid.controller.GameController - Score increased by 1 points - Asteroid destroyed. Current score: 1
]]></system-out>
  </testcase>
  <testcase name="testLargeAsteroidScore" classname="se.asteroid.test.ScoringTest" time="0.045">
    <system-out><![CDATA[Asteroid destroyed!
01:27:35.864 [main] INFO  se.asteroid.controller.GameController - Score increased by 2 points - Asteroid destroyed. Current score: 2
]]></system-out>
  </testcase>
  <testcase name="testRegularEnemyScore" classname="se.asteroid.test.ScoringTest" time="0.111">
    <system-out><![CDATA[01:27:35.976 [main] INFO  se.asteroid.controller.GameController - Score increased by 1 point - Regular enemy destroyed. Current score: 1
]]></system-out>
  </testcase>
  <testcase name="testSecondTierEnemyScore" classname="se.asteroid.test.ScoringTest" time="0.111">
    <system-out><![CDATA[01:27:36.088 [main] INFO  se.asteroid.controller.GameController - Score increased by 2 points - Second tier enemy destroyed. Current score: 2
]]></system-out>
  </testcase>
  <testcase name="testBossScore" classname="se.asteroid.test.ScoringTest" time="0.052">
    <system-out><![CDATA[01:27:36.137 [main] DEBUG se.asteroid.model.Ship - Sprite sheet loaded successfully
01:27:36.137 [main] INFO  se.asteroid.model.Ship - PlayerShip initialized at position (400.0, 300.0)
01:27:36.141 [main] INFO  se.asteroid.controller.GameController - Score increased by 50 points - Boss defeated! Final score: 50
]]></system-out>
    <system-err><![CDATA[ต.ค. 30, 2024 1:27:36 ก่อนเที่ยง se.asteroid.model.Boss loadSpriteSheet
INFO: Loaded sprite sheet dimensions: 320x160
ต.ค. 30, 2024 1:27:36 ก่อนเที่ยง se.asteroid.model.Boss loadSpriteSheet
INFO: Individual sprite dimensions: 80x80
ต.ค. 30, 2024 1:27:36 ก่อนเที่ยง se.asteroid.model.Boss loadSpriteSheet
INFO: Successfully loaded boss sprites
]]></system-err>
  </testcase>
  <testcase name="testMultipleEnemiesScore" classname="se.asteroid.test.ScoringTest" time="0.038">
    <system-out><![CDATA[Asteroid destroyed!
01:27:36.180 [main] INFO  se.asteroid.controller.GameController - Score increased by 1 points - Asteroid destroyed. Current score: 1
01:27:36.180 [main] INFO  se.asteroid.controller.GameController - Score increased by 1 point - Regular enemy destroyed. Current score: 2
01:27:36.180 [main] INFO  se.asteroid.controller.GameController - Score increased by 2 points - Second tier enemy destroyed. Current score: 4
]]></system-out>
  </testcase>
</testsuite>